<?xml version="1.0" encoding="UTF-8"?>
<testsuite name="com.umc.courtking.CourtkingApplicationTests" tests="1" skipped="0" failures="0" errors="0" timestamp="2022-05-10T17:11:30" hostname="WHGRAM20" time="1.245">
  <properties/>
  <testcase name="contextLoads()" classname="com.umc.courtking.CourtkingApplicationTests" time="1.245"/>
  <system-out><![CDATA[02:11:23.013 [Test worker] DEBUG org.springframework.test.context.BootstrapUtils - Instantiating CacheAwareContextLoaderDelegate from class [org.springframework.test.context.cache.DefaultCacheAwareContextLoaderDelegate]
02:11:23.035 [Test worker] DEBUG org.springframework.test.context.BootstrapUtils - Instantiating BootstrapContext using constructor [public org.springframework.test.context.support.DefaultBootstrapContext(java.lang.Class,org.springframework.test.context.CacheAwareContextLoaderDelegate)]
02:11:23.101 [Test worker] DEBUG org.springframework.test.context.BootstrapUtils - Instantiating TestContextBootstrapper for test class [com.umc.courtking.CourtkingApplicationTests] from class [org.springframework.boot.test.context.SpringBootTestContextBootstrapper]
02:11:23.124 [Test worker] INFO org.springframework.boot.test.context.SpringBootTestContextBootstrapper - Neither @ContextConfiguration nor @ContextHierarchy found for test class [com.umc.courtking.CourtkingApplicationTests], using SpringBootContextLoader
02:11:23.132 [Test worker] DEBUG org.springframework.test.context.support.AbstractContextLoader - Did not detect default resource location for test class [com.umc.courtking.CourtkingApplicationTests]: class path resource [com/umc/courtking/CourtkingApplicationTests-context.xml] does not exist
02:11:23.133 [Test worker] DEBUG org.springframework.test.context.support.AbstractContextLoader - Did not detect default resource location for test class [com.umc.courtking.CourtkingApplicationTests]: class path resource [com/umc/courtking/CourtkingApplicationTestsContext.groovy] does not exist
02:11:23.134 [Test worker] INFO org.springframework.test.context.support.AbstractContextLoader - Could not detect default resource locations for test class [com.umc.courtking.CourtkingApplicationTests]: no resource found for suffixes {-context.xml, Context.groovy}.
02:11:23.135 [Test worker] INFO org.springframework.test.context.support.AnnotationConfigContextLoaderUtils - Could not detect default configuration classes for test class [com.umc.courtking.CourtkingApplicationTests]: CourtkingApplicationTests does not declare any static, non-private, non-final, nested classes annotated with @Configuration.
02:11:23.218 [Test worker] DEBUG org.springframework.test.context.support.ActiveProfilesUtils - Could not find an 'annotation declaring class' for annotation type [org.springframework.test.context.ActiveProfiles] and class [com.umc.courtking.CourtkingApplicationTests]
02:11:23.345 [Test worker] DEBUG org.springframework.context.annotation.ClassPathScanningCandidateComponentProvider - Identified candidate component class: file [C:\Users\uhyeo\OneDrive - Sejong University\공부\UMC\lecture5\courtking\build\classes\java\main\com\umc\courtking\CourtkingApplication.class]
02:11:23.391 [Test worker] INFO org.springframework.boot.test.context.SpringBootTestContextBootstrapper - Found @SpringBootConfiguration com.umc.courtking.CourtkingApplication for test class com.umc.courtking.CourtkingApplicationTests
02:11:23.675 [Test worker] DEBUG org.springframework.boot.test.context.SpringBootTestContextBootstrapper - @TestExecutionListeners is not present for class [com.umc.courtking.CourtkingApplicationTests]: using defaults.
02:11:23.676 [Test worker] INFO org.springframework.boot.test.context.SpringBootTestContextBootstrapper - Loaded default TestExecutionListener class names from location [META-INF/spring.factories]: [org.springframework.boot.test.autoconfigure.restdocs.RestDocsTestExecutionListener, org.springframework.boot.test.autoconfigure.web.client.MockRestServiceServerResetTestExecutionListener, org.springframework.boot.test.autoconfigure.web.servlet.MockMvcPrintOnlyOnFailureTestExecutionListener, org.springframework.boot.test.autoconfigure.web.servlet.WebDriverTestExecutionListener, org.springframework.boot.test.autoconfigure.webservices.client.MockWebServiceServerTestExecutionListener, org.springframework.boot.test.mock.mockito.MockitoTestExecutionListener, org.springframework.boot.test.mock.mockito.ResetMocksTestExecutionListener, org.springframework.test.context.web.ServletTestExecutionListener, org.springframework.test.context.support.DirtiesContextBeforeModesTestExecutionListener, org.springframework.test.context.event.ApplicationEventsTestExecutionListener, org.springframework.test.context.support.DependencyInjectionTestExecutionListener, org.springframework.test.context.support.DirtiesContextTestExecutionListener, org.springframework.test.context.transaction.TransactionalTestExecutionListener, org.springframework.test.context.jdbc.SqlScriptsTestExecutionListener, org.springframework.test.context.event.EventPublishingTestExecutionListener]
02:11:23.721 [Test worker] INFO org.springframework.boot.test.context.SpringBootTestContextBootstrapper - Using TestExecutionListeners: [org.springframework.test.context.web.ServletTestExecutionListener@4275c20c, org.springframework.test.context.support.DirtiesContextBeforeModesTestExecutionListener@7c56e013, org.springframework.test.context.event.ApplicationEventsTestExecutionListener@3fc9dfc5, org.springframework.boot.test.mock.mockito.MockitoTestExecutionListener@40258c2f, org.springframework.boot.test.autoconfigure.SpringBootDependencyInjectionTestExecutionListener@2cac4385, org.springframework.test.context.support.DirtiesContextTestExecutionListener@6731787b, org.springframework.test.context.transaction.TransactionalTestExecutionListener@16f7b4af, org.springframework.test.context.jdbc.SqlScriptsTestExecutionListener@7adf16aa, org.springframework.test.context.event.EventPublishingTestExecutionListener@34a1d21f, org.springframework.boot.test.autoconfigure.restdocs.RestDocsTestExecutionListener@58bf8650, org.springframework.boot.test.autoconfigure.web.client.MockRestServiceServerResetTestExecutionListener@73c60324, org.springframework.boot.test.autoconfigure.web.servlet.MockMvcPrintOnlyOnFailureTestExecutionListener@71ae31b0, org.springframework.boot.test.autoconfigure.web.servlet.WebDriverTestExecutionListener@4ba534b0, org.springframework.boot.test.autoconfigure.webservices.client.MockWebServiceServerTestExecutionListener@6f0ca692, org.springframework.boot.test.mock.mockito.ResetMocksTestExecutionListener@2c104774]
02:11:23.730 [Test worker] DEBUG org.springframework.test.context.support.AbstractDirtiesContextTestExecutionListener - Before test class: context [DefaultTestContext@9bd0fa6 testClass = CourtkingApplicationTests, testInstance = [null], testMethod = [null], testException = [null], mergedContextConfiguration = [WebMergedContextConfiguration@59d2103b testClass = CourtkingApplicationTests, locations = '{}', classes = '{class com.umc.courtking.CourtkingApplication}', contextInitializerClasses = '[]', activeProfiles = '{}', propertySourceLocations = '{}', propertySourceProperties = '{org.springframework.boot.test.context.SpringBootTestContextBootstrapper=true}', contextCustomizers = set[org.springframework.boot.test.autoconfigure.actuate.metrics.MetricsExportContextCustomizerFactory$DisableMetricExportContextCustomizer@4b23c30a, org.springframework.boot.test.autoconfigure.properties.PropertyMappingContextCustomizer@0, org.springframework.boot.test.autoconfigure.web.servlet.WebDriverContextCustomizerFactory$Customizer@c94fd30, org.springframework.boot.test.context.filter.ExcludeFilterContextCustomizer@76a2ddf3, org.springframework.boot.test.json.DuplicateJsonObjectContextCustomizerFactory$DuplicateJsonObjectContextCustomizer@49ff7d8c, org.springframework.boot.test.mock.mockito.MockitoContextCustomizer@0, org.springframework.boot.test.web.client.TestRestTemplateContextCustomizer@38aa816f, org.springframework.boot.test.context.SpringBootTestArgs@1, org.springframework.boot.test.context.SpringBootTestWebEnvironment@3738449f], resourceBasePath = 'src/main/webapp', contextLoader = 'org.springframework.boot.test.context.SpringBootContextLoader', parent = [null]], attributes = map['org.springframework.test.context.web.ServletTestExecutionListener.activateListener' -> true]], class annotated with @DirtiesContext [false] with mode [null].
02:11:23.812 [Test worker] DEBUG org.springframework.test.context.support.TestPropertySourceUtils - Adding inlined properties to environment: {spring.jmx.enabled=false, org.springframework.boot.test.context.SpringBootTestContextBootstrapper=true}

  .   ____          _            __ _ _
 /\\ / ___'_ __ _ _(_)_ __  __ _ \ \ \ \
( ( )\___ | '_ | '_| | '_ \/ _` | \ \ \ \
 \\/  ___)| |_)| | | | | || (_| |  ) ) ) )
  '  |____| .__|_| |_|_| |_\__, | / / / /
 =========|_|==============|___/=/_/_/_/
 :: Spring Boot ::                (v2.5.6)

2022-05-11 02:11:24.513  INFO 30596 --- [    Test worker] c.u.courtking.CourtkingApplicationTests  : Starting CourtkingApplicationTests using Java 17.0.3 on WHGRAM20 with PID 30596 (started by uhyeo in C:\Users\uhyeo\OneDrive - Sejong University\공부\UMC\lecture5\courtking)
2022-05-11 02:11:24.520  INFO 30596 --- [    Test worker] c.u.courtking.CourtkingApplicationTests  : No active profile set, falling back to default profiles: default
2022-05-11 02:11:30.209  INFO 30596 --- [    Test worker] c.u.courtking.CourtkingApplicationTests  : Started CourtkingApplicationTests in 6.38 seconds (JVM running for 9.564)
]]></system-out>
  <system-err><![CDATA[]]></system-err>
</testsuite>
